<?xml version="1.0" encoding="UTF-8"?>
<!-- Generated by org.testng.reporters.JUnitReportReporter -->
<testsuite hostname="VAIO" name="KeywordFrame.KeywordFrame.AppTest" tests="1" failures="0" timestamp="31 Mar 2019 11:26:52 GMT" time="0.003" errors="0">
  <testcase name="testApp" time="0.003" classname="KeywordFrame.KeywordFrame.AppTest"/>
</testsuite> <!-- KeywordFrame.KeywordFrame.AppTest -->
