<?xml version="1.0" encoding="UTF-8"?>
<!-- Generated by org.testng.reporters.JUnitReportReporter -->
<testsuite hostname="VAIO" name="com.qa.fb.test.LoginTest" tests="1" failures="0" timestamp="14 Apr 2019 17:45:41 GMT" time="31.573" errors="0">
  <testcase name="logintest" time="31.573" classname="com.qa.fb.test.LoginTest"/>
</testsuite> <!-- com.qa.fb.test.LoginTest -->
