<?xml version="1.0" encoding="UTF-8"?>
<!-- Generated by org.testng.reporters.JUnitReportReporter -->
<testsuite hostname="VAIO" name="Configuaration.demo.TestSeleniumChrome" tests="1" failures="0" timestamp="30 Mar 2019 12:16:31 GMT" time="26.375" errors="0">
  <testcase name="testchrome" time="26.375" classname="Configuaration.demo.TestSeleniumChrome"/>
</testsuite> <!-- Configuaration.demo.TestSeleniumChrome -->
